-------------------------------------------------------------------------------
Test set: com.api.automation.ParallelRunner
-------------------------------------------------------------------------------
Tests run: 1, Failures: 0, Errors: 1, Skipped: 0, Time elapsed: 0.125 s <<< FAILURE! - in com.api.automation.ParallelRunner
executeKarateTests  Time elapsed: 0.123 s  <<< ERROR!
java.lang.ExceptionInInitializerError
	at com.api.automation.ParallelRunner.executeKarateTests(ParallelRunner.java:13)
Caused by: java.lang.NullPointerException: Cannot invoke "javax.script.ScriptEngine.createBindings()" because "com.intuit.karate.ScriptBindings.NASHORN" is null
	at com.api.automation.ParallelRunner.executeKarateTests(ParallelRunner.java:13)

